# Console Startup Log - BadgeNode Offline Diagnosis

## Test Environment:
- Vite Dev Server: http://localhost:5173/
- Backend Server: http://localhost:10000/
- Browser: Chrome/Safari DevTools
- ENV: Development mode

## Console Errors Captured:

ATTESA ACQUISIZIONE MANUALE...
(Aprire http://localhost:5173/ in browser e copiare console errors qui)

## Network Requests:

ATTESA ACQUISIZIONE MANUALE...
(Salvare HAR file delle prime richieste di boot)

## Diagnostic Commands for Browser Console:

```javascript
// Inject error capture
console.clear();
window.addEventListener('error', e => console.log('WINDOW.ERROR:', e.error?.message, e.error?.stack));
window.addEventListener('unhandledrejection', e => console.log('REJECTION:', e.reason?.message, e.reason?.stack));
console.log('[DIAG] Ready to capture first error…');

// Check offline system state
console.log('Offline Diag:', globalThis.__BADGENODE_DIAG__?.offline);
```
